c:\users\argon\onedrive\рабочий стол\step05_ksen\employeedetails\x64\debug\employeedetails.pch
c:\users\argon\onedrive\рабочий стол\step05_ksen\employeedetails\x64\debug\vc142.pdb
c:\users\argon\onedrive\рабочий стол\step05_ksen\employeedetails\x64\debug\stdafx.obj
c:\users\argon\onedrive\рабочий стол\step05_ksen\employeedetails\x64\debug\employeedetails.obj
c:\users\argon\onedrive\рабочий стол\step05_ksen\employeedetails\x64\debug\asdkemployeedetails.obj
c:\users\argon\onedrive\рабочий стол\step05_ksen\employeedetails\x64\debug\acrxentrypoint.obj
c:\users\argon\onedrive\рабочий стол\step05_ksen\employeedetails\x64\debug\asdkemployeedetails.lib
c:\users\argon\onedrive\рабочий стол\step05_ksen\employeedetails\x64\debug\asdkemployeedetails.exp
c:\users\argon\onedrive\рабочий стол\step05_ksen\x64\debug\asdkemployeedetails.dbx
c:\users\argon\onedrive\рабочий стол\step05_ksen\x64\debug\asdkemployeedetails.pdb
c:\users\argon\onedrive\рабочий стол\step05_ksen\employeedetails\x64\debug\employeedetails.res
c:\users\argon\onedrive\рабочий стол\step05_ksen\employeedetails\x64\debug\employeedetails.tlog\cl.command.1.tlog
c:\users\argon\onedrive\рабочий стол\step05_ksen\employeedetails\x64\debug\employeedetails.tlog\cl.read.1.tlog
c:\users\argon\onedrive\рабочий стол\step05_ksen\employeedetails\x64\debug\employeedetails.tlog\cl.write.1.tlog
c:\users\argon\onedrive\рабочий стол\step05_ksen\employeedetails\x64\debug\employeedetails.tlog\employeedetails.write.1u.tlog
c:\users\argon\onedrive\рабочий стол\step05_ksen\employeedetails\x64\debug\employeedetails.tlog\link.command.1.tlog
c:\users\argon\onedrive\рабочий стол\step05_ksen\employeedetails\x64\debug\employeedetails.tlog\link.read.1.tlog
c:\users\argon\onedrive\рабочий стол\step05_ksen\employeedetails\x64\debug\employeedetails.tlog\link.write.1.tlog
c:\users\argon\onedrive\рабочий стол\step05_ksen\employeedetails\x64\debug\employeedetails.tlog\rc.command.1.tlog
c:\users\argon\onedrive\рабочий стол\step05_ksen\employeedetails\x64\debug\employeedetails.tlog\rc.read.1.tlog
c:\users\argon\onedrive\рабочий стол\step05_ksen\employeedetails\x64\debug\employeedetails.tlog\rc.write.1.tlog
